{
  "RSpec": {
    "coverage": {
      "/Users/willsharkey/Desktop/full_course/bank/spec/statement_spec.rb": {
        "lines": [
          null,
          null,
          1,
          null,
          1,
          1,
          1,
          1,
          1,
          null,
          null
        ]
      },
      "/Users/willsharkey/Desktop/full_course/bank/lib/statement.rb": {
        "lines": [
          null,
          null,
          1,
          null,
          1,
          1,
          null,
          1,
          12,
          12,
          12,
          12,
          null,
          null,
          1,
          4,
          4,
          null,
          0,
          null,
          4,
          null,
          null,
          1,
          13,
          13,
          null,
          0,
          null,
          13,
          13,
          12,
          null,
          null,
          null,
          null,
          null
        ]
      },
      "/Users/willsharkey/Desktop/full_course/bank/spec/transaction_spec.rb": {
        "lines": [
          null,
          null,
          1,
          null,
          1,
          1,
          1,
          null,
          null,
          null,
          1,
          1,
          1,
          1,
          null,
          null,
          null,
          1,
          1,
          1,
          1,
          1,
          null,
          null,
          1,
          1,
          0,
          0,
          null,
          null,
          null,
          null,
          1,
          1,
          1,
          0,
          0,
          0,
          null,
          null,
          null,
          1,
          1,
          0,
          null,
          null,
          null
        ]
      },
      "/Users/willsharkey/Desktop/full_course/bank/lib/transaction.rb": {
        "lines": [
          null,
          null,
          1,
          null,
          1,
          7,
          3,
          null,
          4,
          null,
          null,
          null,
          1,
          2,
          2,
          null,
          null,
          1,
          1,
          0,
          0,
          null,
          1,
          1,
          null,
          null,
          null,
          1,
          0,
          null,
          0,
          0,
          0,
          null,
          null
        ]
      }
    },
    "timestamp": 1641465714
  }
}
